HAM2018-05-24_12:01:59.567
VET2018-05-24_12:02:04.234
VER2018-05-24_12:03:05.789
RIC2018-05-24_12:04:10.123
RAI2018-05-24_12:05:11.456
BOT2018-05-24_12:06:14.345
GRO2018-05-24_12:07:15.678
MAG2018-05-24_12:08:17.890
SAI2018-05-24_12:09:19.234
LEC2018-05-24_12:10:21.789
PER2018-05-24_12:11:24.123
OCO2018-05-24_12:12:26.345
STR2018-05-24_12:13:28.901
ALO2018-05-24_12:14:30.789
VAN2018-05-24_12:15:32.567
GAS2018-05-24_12:16:34.890
HUL2018-05-24_12:17:36.234
ERI2018-05-24_12:18:38.567
HAR2018-05-24_12:19:40.890
SIR2018-05-24_12:20:43.123