HAM2018-05-24_12:01:05.123
VET2018-05-24_12:01:07.891
VER2018-05-24_12:02:09.234
RIC2018-05-24_12:03:11.456
RAI2018-05-24_12:04:13.789
BOT2018-05-24_12:05:15.678
GRO2018-05-24_12:06:17.345
MAG2018-05-24_12:07:19.001
SAI2018-05-24_12:08:21.123
LEC2018-05-24_12:09:23.456
PER2018-05-24_12:10:25.789
OCO2018-05-24_12:11:27.890
STR2018-05-24_12:12:29.321
ALO2018-05-24_12:13:31.234
VAN2018-05-24_12:14:33.456
GAS2018-05-24_12:15:35.678
HUL2018-05-24_12:16:37.891
ERI2018-05-24_12:17:39.234
HAR2018-05-24_12:18:41.567
SIR2018-05-24_12:19:43.890